<?xml version="1.0" encoding="UTF-8"?>
<!-- Generated by org.testng.reporters.JUnitXMLReporter -->
<testsuite ignored="8" hostname="DESKTOP-N63KF6M" failures="0" tests="1" name="Default test" time="6.267" errors="0" timestamp="2023-06-14T15:27:01 GST">
  <testcase classname="PageTest_WM.Home_Page_Test" name="Validate_Home_page" time="0.903"/>
  <testcase classname="PageTest_WM.Home_Page_Test" name="ValidatePage_Title" time="0.0">
    <ignored/>
  </testcase> <!-- ValidatePage_Title -->
  <testcase classname="PageTest_WM.Home_Page_Test" name="ValidateTrigandcalculas_page" time="0.0">
    <ignored/>
  </testcase> <!-- ValidateTrigandcalculas_page -->
  <testcase classname="PageTest_WM.Home_Page_Test" name="ValidateOtherStuff_Page" time="0.0">
    <ignored/>
  </testcase> <!-- ValidateOtherStuff_Page -->
  <testcase classname="PageTest_WM.Home_Page_Test" name="ValidatePlotsandGeometry_page" time="0.0">
    <ignored/>
  </testcase> <!-- ValidatePlotsandGeometry_page -->
  <testcase classname="PageTest_WM.Home_Page_Test" name="ValidatePage_Logo" time="0.0">
    <ignored/>
  </testcase> <!-- ValidatePage_Logo -->
  <testcase classname="PageTest_WM.Home_Page_Test" name="ValidateMath_Help" time="0.0">
    <ignored/>
  </testcase> <!-- ValidateMath_Help -->
  <testcase classname="PageTest_WM.Home_Page_Test" name="Validate_Image" time="0.0">
    <ignored/>
  </testcase> <!-- Validate_Image -->
  <testcase classname="PageTest_WM.Home_Page_Test" name="ValidateAlgebra_page" time="0.0">
    <ignored/>
  </testcase> <!-- ValidateAlgebra_page -->
</testsuite> <!-- Default test -->
